<?xml version="1.0" encoding="UTF-8"?>
<!-- Generated by org.testng.reporters.JUnitReportReporter -->
<testsuite hostname="IBM-PF1T83HT" failures="0" tests="1" name="Udemy_Tests.udemy_LoginTest" time="1.938" errors="0" timestamp="2023-02-14T11:32:30 IST" skipped="0">
  <testcase classname="Udemy_Tests.udemy_LoginTest" name="Login_page" time="1.938"/>
  <system-out/>
</testsuite> <!-- Udemy_Tests.udemy_LoginTest -->
